2011-10-17 12:32:52,559 - SimpleLog4JLogSystem initialized using logfile 'velocity.log'
2011-10-17 12:32:52,559 - ************************************************************** 
2011-10-17 12:32:52,559 - Starting Jakarta Velocity v1.4
2011-10-17 12:32:52,559 - RuntimeInstance initializing.
2011-10-17 12:32:52,559 - Default Properties File: org/apache/velocity/runtime/defaults/velocity.properties
2011-10-17 12:32:52,559 - Trying to use logger class org.apache.velocity.runtime.log.SimpleLog4JLogSystem
2011-10-17 12:32:52,559 - Using logger class org.apache.velocity.runtime.log.SimpleLog4JLogSystem
2011-10-17 12:32:52,565 - Default ResourceManager initializing. (class org.apache.velocity.runtime.resource.ResourceManagerImpl)
2011-10-17 12:32:52,567 - Resource Loader Instantiated: org.apache.velocity.runtime.resource.loader.ClasspathResourceLoader
2011-10-17 12:32:52,568 - ClasspathResourceLoader : initialization starting.
2011-10-17 12:32:52,568 - ClasspathResourceLoader : initialization complete.
2011-10-17 12:32:52,569 - ResourceCache : initialized. (class org.apache.velocity.runtime.resource.ResourceCacheImpl)
2011-10-17 12:32:52,569 - Default ResourceManager initialization complete.
2011-10-17 12:32:52,571 - Loaded System Directive: org.apache.velocity.runtime.directive.Literal
2011-10-17 12:32:52,573 - Loaded System Directive: org.apache.velocity.runtime.directive.Macro
2011-10-17 12:32:52,575 - Loaded System Directive: org.apache.velocity.runtime.directive.Parse
2011-10-17 12:32:52,577 - Loaded System Directive: org.apache.velocity.runtime.directive.Include
2011-10-17 12:32:52,578 - Loaded System Directive: org.apache.velocity.runtime.directive.Foreach
2011-10-17 12:32:52,605 - Created: 20 parsers.
2011-10-17 12:32:52,612 - Velocimacro : initialization starting.
2011-10-17 12:32:52,613 - Velocimacro : adding VMs from VM library template : VM_global_library.vm
2011-10-17 12:32:52,617 - ResourceManager : unable to find resource 'VM_global_library.vm' in any resource loader.
2011-10-17 12:32:52,617 - Velocimacro : error using  VM library template VM_global_library.vm : org.apache.velocity.exception.ResourceNotFoundException: Unable to find resource 'VM_global_library.vm'
2011-10-17 12:32:52,617 - Velocimacro :  VM library template macro registration complete.
2011-10-17 12:32:52,618 - Velocimacro : allowInline = true : VMs can be defined inline in templates
2011-10-17 12:32:52,618 - Velocimacro : allowInlineToOverride = false : VMs defined inline may NOT replace previous VM definitions
2011-10-17 12:32:52,618 - Velocimacro : allowInlineLocal = false : VMs defined inline will be  global in scope if allowed.
2011-10-17 12:32:52,618 - Velocimacro : messages on  : VM system will output logging messages
2011-10-17 12:32:52,618 - Velocimacro : autoload off  : VM system will not automatically reload global library macros
2011-10-17 12:32:52,618 - Velocimacro : initialization complete.
2011-10-17 12:32:52,618 - Velocity successfully started.
2011-11-23 11:05:37,731 - SimpleLog4JLogSystem initialized using logfile 'velocity.log'
2011-11-23 11:05:37,769 - ************************************************************** 
2011-11-23 11:05:37,769 - Starting Jakarta Velocity v1.4
2011-11-23 11:05:37,769 - RuntimeInstance initializing.
2011-11-23 11:05:37,769 - Default Properties File: org/apache/velocity/runtime/defaults/velocity.properties
2011-11-23 11:05:37,769 - Trying to use logger class org.apache.velocity.runtime.log.SimpleLog4JLogSystem
2011-11-23 11:05:37,769 - Using logger class org.apache.velocity.runtime.log.SimpleLog4JLogSystem
2011-11-23 11:05:37,777 - Default ResourceManager initializing. (class org.apache.velocity.runtime.resource.ResourceManagerImpl)
2011-11-23 11:05:37,782 - Resource Loader Instantiated: org.apache.velocity.runtime.resource.loader.ClasspathResourceLoader
2011-11-23 11:05:37,782 - ClasspathResourceLoader : initialization starting.
2011-11-23 11:05:37,782 - ClasspathResourceLoader : initialization complete.
2011-11-23 11:05:37,785 - ResourceCache : initialized. (class org.apache.velocity.runtime.resource.ResourceCacheImpl)
2011-11-23 11:05:37,785 - Default ResourceManager initialization complete.
2011-11-23 11:05:37,788 - Loaded System Directive: org.apache.velocity.runtime.directive.Literal
2011-11-23 11:05:37,791 - Loaded System Directive: org.apache.velocity.runtime.directive.Macro
2011-11-23 11:05:37,796 - Loaded System Directive: org.apache.velocity.runtime.directive.Parse
2011-11-23 11:05:37,799 - Loaded System Directive: org.apache.velocity.runtime.directive.Include
2011-11-23 11:05:37,801 - Loaded System Directive: org.apache.velocity.runtime.directive.Foreach
2011-11-23 11:05:37,841 - Created: 20 parsers.
2011-11-23 11:05:37,855 - Velocimacro : initialization starting.
2011-11-23 11:05:37,855 - Velocimacro : adding VMs from VM library template : VM_global_library.vm
2011-11-23 11:05:37,861 - ResourceManager : unable to find resource 'VM_global_library.vm' in any resource loader.
2011-11-23 11:05:37,861 - Velocimacro : error using  VM library template VM_global_library.vm : org.apache.velocity.exception.ResourceNotFoundException: Unable to find resource 'VM_global_library.vm'
2011-11-23 11:05:37,861 - Velocimacro :  VM library template macro registration complete.
2011-11-23 11:05:37,861 - Velocimacro : allowInline = true : VMs can be defined inline in templates
2011-11-23 11:05:37,861 - Velocimacro : allowInlineToOverride = false : VMs defined inline may NOT replace previous VM definitions
2011-11-23 11:05:37,861 - Velocimacro : allowInlineLocal = false : VMs defined inline will be  global in scope if allowed.
2011-11-23 11:05:37,861 - Velocimacro : messages on  : VM system will output logging messages
2011-11-23 11:05:37,861 - Velocimacro : autoload off  : VM system will not automatically reload global library macros
2011-11-23 11:05:37,861 - Velocimacro : initialization complete.
2011-11-23 11:05:37,861 - Velocity successfully started.
2011-11-23 11:26:34,984 - ResourceManager : found repast/simphony/scenario/Scenario.vt with loader org.apache.velocity.runtime.resource.loader.ClasspathResourceLoader
2011-11-23 11:26:35,095 - ResourceManager : found repast/simphony/parameter/parameters.vt with loader org.apache.velocity.runtime.resource.loader.ClasspathResourceLoader
2011-11-23 11:26:36,878 - ResourceManager : found repast/simphony/scenario/Scenario.vt with loader org.apache.velocity.runtime.resource.loader.ClasspathResourceLoader
2011-11-23 11:26:36,884 - ResourceManager : found repast/simphony/parameter/parameters.vt with loader org.apache.velocity.runtime.resource.loader.ClasspathResourceLoader
2011-11-23 11:26:37,927 - ResourceManager : found repast/simphony/scenario/Scenario.vt with loader org.apache.velocity.runtime.resource.loader.ClasspathResourceLoader
2011-11-23 11:26:37,936 - ResourceManager : found repast/simphony/parameter/parameters.vt with loader org.apache.velocity.runtime.resource.loader.ClasspathResourceLoader
2011-11-23 12:00:17,192 - SimpleLog4JLogSystem initialized using logfile 'velocity.log'
2011-11-23 12:00:17,193 - ************************************************************** 
2011-11-23 12:00:17,193 - Starting Jakarta Velocity v1.4
2011-11-23 12:00:17,193 - RuntimeInstance initializing.
2011-11-23 12:00:17,193 - Default Properties File: org/apache/velocity/runtime/defaults/velocity.properties
2011-11-23 12:00:17,193 - Trying to use logger class org.apache.velocity.runtime.log.SimpleLog4JLogSystem
2011-11-23 12:00:17,193 - Using logger class org.apache.velocity.runtime.log.SimpleLog4JLogSystem
2011-11-23 12:00:17,201 - Default ResourceManager initializing. (class org.apache.velocity.runtime.resource.ResourceManagerImpl)
2011-11-23 12:00:17,205 - Resource Loader Instantiated: org.apache.velocity.runtime.resource.loader.ClasspathResourceLoader
2011-11-23 12:00:17,205 - ClasspathResourceLoader : initialization starting.
2011-11-23 12:00:17,205 - ClasspathResourceLoader : initialization complete.
2011-11-23 12:00:17,208 - ResourceCache : initialized. (class org.apache.velocity.runtime.resource.ResourceCacheImpl)
2011-11-23 12:00:17,208 - Default ResourceManager initialization complete.
2011-11-23 12:00:17,211 - Loaded System Directive: org.apache.velocity.runtime.directive.Literal
2011-11-23 12:00:17,215 - Loaded System Directive: org.apache.velocity.runtime.directive.Macro
2011-11-23 12:00:17,219 - Loaded System Directive: org.apache.velocity.runtime.directive.Parse
2011-11-23 12:00:17,222 - Loaded System Directive: org.apache.velocity.runtime.directive.Include
2011-11-23 12:00:17,224 - Loaded System Directive: org.apache.velocity.runtime.directive.Foreach
2011-11-23 12:00:17,263 - Created: 20 parsers.
2011-11-23 12:00:17,277 - Velocimacro : initialization starting.
2011-11-23 12:00:17,277 - Velocimacro : adding VMs from VM library template : VM_global_library.vm
2011-11-23 12:00:17,282 - ResourceManager : unable to find resource 'VM_global_library.vm' in any resource loader.
2011-11-23 12:00:17,283 - Velocimacro : error using  VM library template VM_global_library.vm : org.apache.velocity.exception.ResourceNotFoundException: Unable to find resource 'VM_global_library.vm'
2011-11-23 12:00:17,283 - Velocimacro :  VM library template macro registration complete.
2011-11-23 12:00:17,283 - Velocimacro : allowInline = true : VMs can be defined inline in templates
2011-11-23 12:00:17,283 - Velocimacro : allowInlineToOverride = false : VMs defined inline may NOT replace previous VM definitions
2011-11-23 12:00:17,283 - Velocimacro : allowInlineLocal = false : VMs defined inline will be  global in scope if allowed.
2011-11-23 12:00:17,283 - Velocimacro : messages on  : VM system will output logging messages
2011-11-23 12:00:17,283 - Velocimacro : autoload off  : VM system will not automatically reload global library macros
2011-11-23 12:00:17,283 - Velocimacro : initialization complete.
2011-11-23 12:00:17,283 - Velocity successfully started.
2011-11-23 12:02:33,452 - SimpleLog4JLogSystem initialized using logfile 'velocity.log'
2011-11-23 12:02:33,453 - ************************************************************** 
2011-11-23 12:02:33,453 - Starting Jakarta Velocity v1.4
2011-11-23 12:02:33,453 - RuntimeInstance initializing.
2011-11-23 12:02:33,453 - Default Properties File: org/apache/velocity/runtime/defaults/velocity.properties
2011-11-23 12:02:33,453 - Trying to use logger class org.apache.velocity.runtime.log.SimpleLog4JLogSystem
2011-11-23 12:02:33,453 - Using logger class org.apache.velocity.runtime.log.SimpleLog4JLogSystem
2011-11-23 12:02:33,461 - Default ResourceManager initializing. (class org.apache.velocity.runtime.resource.ResourceManagerImpl)
2011-11-23 12:02:33,466 - Resource Loader Instantiated: org.apache.velocity.runtime.resource.loader.ClasspathResourceLoader
2011-11-23 12:02:33,466 - ClasspathResourceLoader : initialization starting.
2011-11-23 12:02:33,466 - ClasspathResourceLoader : initialization complete.
2011-11-23 12:02:33,469 - ResourceCache : initialized. (class org.apache.velocity.runtime.resource.ResourceCacheImpl)
2011-11-23 12:02:33,469 - Default ResourceManager initialization complete.
2011-11-23 12:02:33,472 - Loaded System Directive: org.apache.velocity.runtime.directive.Literal
2011-11-23 12:02:33,475 - Loaded System Directive: org.apache.velocity.runtime.directive.Macro
2011-11-23 12:02:33,480 - Loaded System Directive: org.apache.velocity.runtime.directive.Parse
2011-11-23 12:02:33,483 - Loaded System Directive: org.apache.velocity.runtime.directive.Include
2011-11-23 12:02:33,485 - Loaded System Directive: org.apache.velocity.runtime.directive.Foreach
2011-11-23 12:02:33,525 - Created: 20 parsers.
2011-11-23 12:02:33,539 - Velocimacro : initialization starting.
2011-11-23 12:02:33,539 - Velocimacro : adding VMs from VM library template : VM_global_library.vm
2011-11-23 12:02:33,545 - ResourceManager : unable to find resource 'VM_global_library.vm' in any resource loader.
2011-11-23 12:02:33,545 - Velocimacro : error using  VM library template VM_global_library.vm : org.apache.velocity.exception.ResourceNotFoundException: Unable to find resource 'VM_global_library.vm'
2011-11-23 12:02:33,545 - Velocimacro :  VM library template macro registration complete.
2011-11-23 12:02:33,545 - Velocimacro : allowInline = true : VMs can be defined inline in templates
2011-11-23 12:02:33,545 - Velocimacro : allowInlineToOverride = false : VMs defined inline may NOT replace previous VM definitions
2011-11-23 12:02:33,545 - Velocimacro : allowInlineLocal = false : VMs defined inline will be  global in scope if allowed.
2011-11-23 12:02:33,545 - Velocimacro : messages on  : VM system will output logging messages
2011-11-23 12:02:33,545 - Velocimacro : autoload off  : VM system will not automatically reload global library macros
2011-11-23 12:02:33,545 - Velocimacro : initialization complete.
2011-11-23 12:02:33,545 - Velocity successfully started.
